<?xml version="1.0" encoding="UTF-8"?>
<!-- Generated by org.testng.reporters.JUnitXMLReporter -->
<testsuite ignored="0" hostname="IB-Pune-LAP-358" failures="0" tests="5" name="Test" time="38.089" errors="0" timestamp="15 Nov 2022 05:28:30 GMT">
  <testcase classname="ecommerceTests.Login" name="logintest" time="5.806"/>
  <testcase classname="ecommerceTests.Login" name="createproduct" time="16.141"/>
  <testcase classname="ecommerceTests.Login" name="createorder" time="4.824"/>
  <testcase classname="ecommerceTests.Login" name="getorder" time="5.739"/>
  <testcase classname="ecommerceTests.Login" name="deleteproduct" time="5.511"/>
</testsuite> <!-- Test -->
